# JRE version: Java(TM) SE Runtime Environment (10.0.2+13) (build 10.0.2+13)
# Java VM: Java HotSpot(TM) 64-Bit Server VM (10.0.2+13, mixed mode, tiered, compressed oops, g1 gc, bsd-amd64)
Heap:
 garbage-first heap   total 262144K, used 25125K [0x00000006c0000000, 0x00000007c0000000)
  region size 1024K, 19 young (19456K), 5 survivors (5120K)
 Metaspace       used 40208K, capacity 41184K, committed 41680K, reserved 1085440K
  class space    used 4851K, capacity 5317K, committed 5328K, reserved 1048576K
GC Heap History (6 events):
Event: 1.135 GC heap before
{Heap before GC invocations=0 (full 0):
 garbage-first heap   total 262144K, used 24576K [0x00000006c0000000, 0x00000007c0000000)
  region size 1024K, 24 young (24576K), 0 survivors (0K)
 Metaspace       used 19694K, capacity 20240K, committed 20480K, reserved 1067008K
  class space    used 1996K, capacity 2234K, committed 2304K, reserved 1048576K
}
Event: 1.141 GC heap after
{Heap after GC invocations=1 (full 0):
 garbage-first heap   total 262144K, used 4900K [0x00000006c0000000, 0x00000007c0000000)
  region size 1024K, 3 young (3072K), 3 survivors (3072K)
 Metaspace       used 19694K, capacity 20240K, committed 20480K, reserved 1067008K
  class space    used 1996K, capacity 2234K, committed 2304K, reserved 1048576K
}
Event: 6.269 GC heap before
{Heap before GC invocations=1 (full 0):
 garbage-first heap   total 262144K, used 7972K [0x00000006c0000000, 0x00000007c0000000)
  region size 1024K, 7 young (7168K), 3 survivors (3072K)
 Metaspace       used 20546K, capacity 21014K, committed 21296K, reserved 1069056K
  class space    used 2093K, capacity 2323K, committed 2432K, reserved 1048576K
}
Event: 6.274 GC heap after
{Heap after GC invocations=2 (full 0):
 garbage-first heap   total 262144K, used 5595K [0x00000006c0000000, 0x00000007c0000000)
  region size 1024K, 1 young (1024K), 1 survivors (1024K)
 Metaspace       used 20546K, capacity 21014K, committed 21296K, reserved 1069056K
  class space    used 2093K, capacity 2323K, committed 2432K, reserved 1048576K
}
Event: 8.192 GC heap before
{Heap before GC invocations=3 (full 0):
 garbage-first heap   total 262144K, used 27099K [0x00000006c0000000, 0x00000007c0000000)
  region size 1024K, 23 young (23552K), 1 survivors (1024K)
 Metaspace       used 34778K, capacity 35544K, committed 35920K, reserved 1081344K
  class space    used 4014K, capacity 4365K, committed 4432K, reserved 1048576K
}
Event: 8.195 GC heap after
{Heap after GC invocations=4 (full 0):
 garbage-first heap   total 262144K, used 9765K [0x00000006c0000000, 0x00000007c0000000)
  region size 1024K, 5 young (5120K), 5 survivors (5120K)
 Metaspace       used 34778K, capacity 35544K, committed 35920K, reserved 1081344K
  class space    used 4014K, capacity 4365K, committed 4432K, reserved 1048576K
}

